0 info it worked if it ends with ok
1 verbose cli [ '/usr/local/bin/node',
1 verbose cli   '/Users/susana/.npm-global/bin/npm',
1 verbose cli   'run',
1 verbose cli   '--no-cache',
1 verbose cli   'unit' ]
2 info using npm@6.13.4
3 info using node@v10.15.3
4 verbose run-script [ 'preunit', 'unit', 'postunit' ]
5 info lifecycle voicemod@1.0.0~preunit: voicemod@1.0.0
6 info lifecycle voicemod@1.0.0~unit: voicemod@1.0.0
7 verbose lifecycle voicemod@1.0.0~unit: unsafe-perm in lifecycle true
8 verbose lifecycle voicemod@1.0.0~unit: PATH: /Users/susana/.npm-global/lib/node_modules/npm/node_modules/npm-lifecycle/node-gyp-bin:/Users/susana/Desktop/voicemod/node_modules/.bin:/Users/susana/.npm-global/bin:/Users/susana/.rvm/gems/ruby-2.5.1/bin:/Users/susana/.rvm/gems/ruby-2.5.1@global/bin:/Users/susana/.rvm/rubies/ruby-2.5.1/bin:/usr/local/bin:/usr/bin:/bin:/usr/sbin:/sbin:/usr/local/go/bin:/opt/X11/bin:/Library/Frameworks/Mono.framework/Versions/Current/Commands:/Users/susana/.npm-global/bin:/Users/susana/.rvm/gems/ruby-2.5.1/bin:/Users/susana/.rvm/gems/ruby-2.5.1@global/bin:/Users/susana/.rvm/rubies/ruby-2.5.1/bin:/Users/susana/.rvm/bin:/Users/susana/.rvm/bin
9 verbose lifecycle voicemod@1.0.0~unit: CWD: /Users/susana/Desktop/voicemod
10 silly lifecycle voicemod@1.0.0~unit: Args: [ '-c', 'jest --config test/unit/jest.conf.js --coverage' ]
11 silly lifecycle voicemod@1.0.0~unit: Returned: code: 1  signal: null
12 info lifecycle voicemod@1.0.0~unit: Failed to exec unit script
13 verbose stack Error: voicemod@1.0.0 unit: `jest --config test/unit/jest.conf.js --coverage`
13 verbose stack Exit status 1
13 verbose stack     at EventEmitter.<anonymous> (/Users/susana/.npm-global/lib/node_modules/npm/node_modules/npm-lifecycle/index.js:332:16)
13 verbose stack     at EventEmitter.emit (events.js:189:13)
13 verbose stack     at ChildProcess.<anonymous> (/Users/susana/.npm-global/lib/node_modules/npm/node_modules/npm-lifecycle/lib/spawn.js:55:14)
13 verbose stack     at ChildProcess.emit (events.js:189:13)
13 verbose stack     at maybeClose (internal/child_process.js:970:16)
13 verbose stack     at Process.ChildProcess._handle.onexit (internal/child_process.js:259:5)
14 verbose pkgid voicemod@1.0.0
15 verbose cwd /Users/susana/Desktop/voicemod
16 verbose Darwin 20.3.0
17 verbose argv "/usr/local/bin/node" "/Users/susana/.npm-global/bin/npm" "run" "--no-cache" "unit"
18 verbose node v10.15.3
19 verbose npm  v6.13.4
20 error code ELIFECYCLE
21 error errno 1
22 error voicemod@1.0.0 unit: `jest --config test/unit/jest.conf.js --coverage`
22 error Exit status 1
23 error Failed at the voicemod@1.0.0 unit script.
23 error This is probably not a problem with npm. There is likely additional logging output above.
24 verbose exit [ 1, true ]
